<?xml version="1.0" encoding="UTF-8"?>
<!-- Generated by org.testng.reporters.JUnitReportReporter -->
<testsuite skipped="0" hostname="SAI-PC" name="excel.Exceldatafrom_map" tests="1" failures="0" timestamp="2020-08-01T19:37:13 IST" time="0.905" errors="0">
  <testcase name="f" time="0.905" classname="excel.Exceldatafrom_map"/>
  <system-out/>
</testsuite> <!-- excel.Exceldatafrom_map -->
