<?xml version="1.0" encoding="UTF-8"?>
<!-- Generated by org.testng.reporters.JUnitReportReporter -->
<testsuite skipped="0" hostname="SAI-PC" name="ram.pack1.NewTestNG" tests="2" failures="0" timestamp="2020-08-17T14:44:43 IST" time="0.017" errors="0">
  <testcase name="f" time="0.010" classname="ram.pack1.NewTestNG"/>
  <system-out/>
  <testcase name="f" time="0.007" classname="ram.pack1.NewTestNG"/>
  <system-out/>
</testsuite> <!-- ram.pack1.NewTestNG -->
